模型目录 : /home/admin/stephen/02-weight/SenseVoiceSmall
输入音频 : 1 个
  [1] /home/admin/stephen/02-weight/SenseVoiceSmall/example/en.mp3
设备     : cuda:0
语言     : en
ITN      : True
batch_size: 64
预热次数 : 10
推理次数 : 30
--------------------------------------------------
funasr version: 1.3.10.
模型加载耗时: 3.87s
预热推理 10 次...
  warmup 1/10 done
  warmup 2/10 done
  warmup 3/10 done
  warmup 4/10 done
  warmup 5/10 done
  warmup 6/10 done
  warmup 7/10 done
  warmup 8/10 done
  warmup 9/10 done
  warmup 10/10 done

批量推理 30 次（计时）...
  run 1/30: 186.47 ms
  run 2/30: 178.43 ms
  run 3/30: 178.81 ms
  run 4/30: 177.42 ms
  run 5/30: 177.26 ms
  run 6/30: 176.83 ms
  run 7/30: 175.98 ms
  run 8/30: 185.24 ms
  run 9/30: 183.63 ms
  run 10/30: 178.25 ms
  run 11/30: 177.90 ms
  run 12/30: 175.89 ms
  run 13/30: 181.35 ms
  run 14/30: 178.50 ms
  run 15/30: 176.00 ms
  run 16/30: 176.22 ms
  run 17/30: 177.56 ms
  run 18/30: 178.48 ms
  run 19/30: 176.44 ms
  run 20/30: 175.81 ms
  run 21/30: 179.04 ms
  run 22/30: 175.43 ms
  run 23/30: 182.10 ms
  run 24/30: 182.10 ms
  run 25/30: 178.68 ms
  run 26/30: 182.71 ms
  run 27/30: 212.66 ms
  run 28/30: 177.80 ms
  run 29/30: 180.63 ms
  run 30/30: 184.45 ms

=== 推理时长统计 ===
音频数量: 1
  [1] /home/admin/stephen/02-weight/SenseVoiceSmall/example/en.mp3
设备: cuda:0
batch_size: 64
预热次数: 10
有效推理次数: 30
单次推理 (ms): min=175.43, max=212.66, avg=180.27, p50=178.46
单次推理 (ms): stdev=6.83
总推理时长: 5.408 s
平均推理时长: 180.27 ms

各次推理时长 (ms):
  [01] 186.47
  [02] 178.43
  [03] 178.81
  [04] 177.42
  [05] 177.26
  [06] 176.83
  [07] 175.98
  [08] 185.24
  [09] 183.63
  [10] 178.25
  [11] 177.90
  [12] 175.89
  [13] 181.35
  [14] 178.50
  [15] 176.00
  [16] 176.22
  [17] 177.56
  [18] 178.48
  [19] 176.44
  [20] 175.81
  [21] 179.04
  [22] 175.43
  [23] 182.10
  [24] 182.10
  [25] 178.68
  [26] 182.71
  [27] 212.66
  [28] 177.80
  [29] 180.63
  [30] 184.45

最后一次识别结果:
  [1] The tribal chieftain called for the boy and presented him with 50 pieces of gold.
